<?xml version="1.0" encoding="UTF-8"?>
<testsuite name="com.gildedrose.GildedRoseTest" tests="14" skipped="0" failures="0" errors="0" timestamp="2022-10-12T18:30:54" hostname="DESKTOP-MOPVCEG" time="0.147">
  <properties/>
  <testcase name="objet_agedbrie1()" classname="com.gildedrose.GildedRoseTest" time="0.116"/>
  <testcase name="objet_agedbrie2()" classname="com.gildedrose.GildedRoseTest" time="0.001"/>
  <testcase name="objet_de_base2()" classname="com.gildedrose.GildedRoseTest" time="0.001"/>
  <testcase name="objet_de_base3()" classname="com.gildedrose.GildedRoseTest" time="0.001"/>
  <testcase name="testNameSulfuras1()" classname="com.gildedrose.GildedRoseTest" time="0.002"/>
  <testcase name="testNameSulfuras2()" classname="com.gildedrose.GildedRoseTest" time="0.002"/>
  <testcase name="objet_maudit1()" classname="com.gildedrose.GildedRoseTest" time="0.001"/>
  <testcase name="objet_maudit2()" classname="com.gildedrose.GildedRoseTest" time="0.001"/>
  <testcase name="objet_backstage1()" classname="com.gildedrose.GildedRoseTest" time="0.001"/>
  <testcase name="objet_backstage2()" classname="com.gildedrose.GildedRoseTest" time="0.001"/>
  <testcase name="objet_backstage3()" classname="com.gildedrose.GildedRoseTest" time="0.001"/>
  <testcase name="objet_backstage4()" classname="com.gildedrose.GildedRoseTest" time="0.001"/>
  <testcase name="objet_backstage5()" classname="com.gildedrose.GildedRoseTest" time="0.001"/>
  <testcase name="objet_de_base()" classname="com.gildedrose.GildedRoseTest" time="0.001"/>
  <system-out><![CDATA[]]></system-out>
  <system-err><![CDATA[]]></system-err>
</testsuite>
